<?xml version="1.0" encoding="UTF-8"?><testrun name="MyTestRunner (1)" project="PracticeAutomationTestingDotIn" tests="2" started="2" failures="0" errors="1" ignored="0">
  <testsuite name="testRunner.MyTestRunner" time="35.759">
    <testsuite name="verify in Checkout page the user provides bellings details via excelfile and verifies the order details and makes the payment to place order." time="35.759">
      <testcase name="verify your order details" classname="verify in Checkout page the user provides bellings details via excelfile and verifies the order details and makes the payment to place order." time="19.276"/>
      <testcase name="Update the Billing details" classname="verify in Checkout page the user provides bellings details via excelfile and verifies the order details and makes the payment to place order." time="16.483">
        <error>org.openqa.selenium.StaleElementReferenceException: stale element reference: element is not attached to the page document
  (Session info: chrome=109.0.5414.120)
For documentation on this error, please visit: https://selenium.dev/exceptions/#stale_element_reference
Build info: version: '4.1.1', revision: 'e8fcc2cecf'
System info: host: 'LAPTOP-03U093DF', ip: '192.168.1.35', os.name: 'Windows 10', os.arch: 'amd64', os.version: '10.0', java.version: '11.0.13'
Driver info: org.openqa.selenium.chrome.ChromeDriver
Command: [40545d3714a90f2e25e5017276ce313d, clickElement {id=ca5eef03-a644-456a-b576-8d63a2754d65}]
Capabilities {acceptInsecureCerts: false, browserName: chrome, browserVersion: 109.0.5414.120, chrome: {chromedriverVersion: 109.0.5414.74 (e7c5703604da..., userDataDir: C:\Users\rajga\AppData\Loca...}, goog:chromeOptions: {debuggerAddress: localhost:57628}, javascriptEnabled: true, networkConnectionEnabled: false, pageLoadStrategy: normal, platform: WINDOWS, platformName: WINDOWS, proxy: Proxy(), se:cdp: ws://localhost:57628/devtoo..., se:cdpVersion: 109.0.5414.120, setWindowRect: true, strictFileInteractability: false, timeouts: {implicit: 0, pageLoad: 300000, script: 30000}, unhandledPromptBehavior: dismiss and notify, webauthn:extension:credBlob: true, webauthn:extension:largeBlob: true, webauthn:virtualAuthenticators: true}
Element: [[ChromeDriver: chrome on WINDOWS (40545d3714a90f2e25e5017276ce313d)] -&gt; css selector: input#payment_method_cod]
Session ID: 40545d3714a90f2e25e5017276ce313d&#13;
	at java.base/jdk.internal.reflect.NativeConstructorAccessorImpl.newInstance0(Native Method)&#13;
	at java.base/jdk.internal.reflect.NativeConstructorAccessorImpl.newInstance(NativeConstructorAccessorImpl.java:62)&#13;
	at java.base/jdk.internal.reflect.DelegatingConstructorAccessorImpl.newInstance(DelegatingConstructorAccessorImpl.java:45)&#13;
	at java.base/java.lang.reflect.Constructor.newInstance(Constructor.java:490)&#13;
	at org.openqa.selenium.remote.codec.w3c.W3CHttpResponseCodec.createException(W3CHttpResponseCodec.java:200)&#13;
	at org.openqa.selenium.remote.codec.w3c.W3CHttpResponseCodec.decode(W3CHttpResponseCodec.java:133)&#13;
	at org.openqa.selenium.remote.codec.w3c.W3CHttpResponseCodec.decode(W3CHttpResponseCodec.java:53)&#13;
	at org.openqa.selenium.remote.HttpCommandExecutor.execute(HttpCommandExecutor.java:184)&#13;
	at org.openqa.selenium.remote.service.DriverCommandExecutor.invokeExecute(DriverCommandExecutor.java:167)&#13;
	at org.openqa.selenium.remote.service.DriverCommandExecutor.execute(DriverCommandExecutor.java:142)&#13;
	at org.openqa.selenium.remote.RemoteWebDriver.execute(RemoteWebDriver.java:543)&#13;
	at org.openqa.selenium.remote.RemoteWebElement.execute(RemoteWebElement.java:251)&#13;
	at org.openqa.selenium.remote.RemoteWebElement.click(RemoteWebElement.java:77)&#13;
	at java.base/jdk.internal.reflect.NativeMethodAccessorImpl.invoke0(Native Method)&#13;
	at java.base/jdk.internal.reflect.NativeMethodAccessorImpl.invoke(NativeMethodAccessorImpl.java:62)&#13;
	at java.base/jdk.internal.reflect.DelegatingMethodAccessorImpl.invoke(DelegatingMethodAccessorImpl.java:43)&#13;
	at java.base/java.lang.reflect.Method.invoke(Method.java:566)&#13;
	at org.openqa.selenium.support.pagefactory.internal.LocatingElementHandler.invoke(LocatingElementHandler.java:52)&#13;
	at com.sun.proxy.$Proxy23.click(Unknown Source)&#13;
	at pages.CheckoutPage.getCashOnDelivery(CheckoutPage.java:96)&#13;
	at stepDefinations.CheckoutPageSteps.user_selects_the_payement_method_as_Cash_on_Delivery(CheckoutPageSteps.java:128)&#13;
	at âœ½.user selects the payement method as Cash on Delivery(file:///D:/Dev/Selenium/PracticeAutomationTestingDotIn/src/test/resources/appFeatures/FFF_Checkout.feature:26)&#13;
&#13;
</error>
      </testcase>
    </testsuite>
  </testsuite>
</testrun>
