<?xml version="1.0" encoding="UTF-8"?><testrun name="MyTestRunner (1)" project="PracticeAutomationTestingDotIn" tests="1" started="1" failures="0" errors="1" ignored="0">
  <testsuite name="testRunner.MyTestRunner" time="95.245">
    <testsuite name="verify in Checkout page the user provides bellings details via excelfile and verifies the order details and makes the payment to place order." time="95.245">
      <testcase name="Update the Billing details" classname="verify in Checkout page the user provides bellings details via excelfile and verifies the order details and makes the payment to place order." time="95.245">
        <error>org.openqa.selenium.StaleElementReferenceException: stale element reference: element is not attached to the page document
  (Session info: chrome=109.0.5414.120)
For documentation on this error, please visit: https://selenium.dev/exceptions/#stale_element_reference
Build info: version: '4.1.1', revision: 'e8fcc2cecf'
System info: host: 'LAPTOP-03U093DF', ip: '192.168.1.35', os.name: 'Windows 10', os.arch: 'amd64', os.version: '10.0', java.version: '11.0.13'
Driver info: org.openqa.selenium.chrome.ChromeDriver
Command: [ca05675fa174d5a32aad4b73b65f614e, getElementSize {id=fae14c4b-c106-409b-8836-567062b9f08d}]
Capabilities {acceptInsecureCerts: false, browserName: chrome, browserVersion: 109.0.5414.120, chrome: {chromedriverVersion: 109.0.5414.74 (e7c5703604da..., userDataDir: C:\Users\rajga\AppData\Loca...}, goog:chromeOptions: {debuggerAddress: localhost:65454}, javascriptEnabled: true, networkConnectionEnabled: false, pageLoadStrategy: normal, platform: WINDOWS, platformName: WINDOWS, proxy: Proxy(), se:cdp: ws://localhost:65454/devtoo..., se:cdpVersion: 109.0.5414.120, setWindowRect: true, strictFileInteractability: false, timeouts: {implicit: 0, pageLoad: 300000, script: 30000}, unhandledPromptBehavior: dismiss and notify, webauthn:extension:credBlob: true, webauthn:extension:largeBlob: true, webauthn:virtualAuthenticators: true}
Element: [[ChromeDriver: chrome on WINDOWS (ca05675fa174d5a32aad4b73b65f614e)] -&gt; css selector: div.select2-result-label]
Session ID: ca05675fa174d5a32aad4b73b65f614e&#13;
	at java.base/jdk.internal.reflect.NativeConstructorAccessorImpl.newInstance0(Native Method)&#13;
	at java.base/jdk.internal.reflect.NativeConstructorAccessorImpl.newInstance(NativeConstructorAccessorImpl.java:62)&#13;
	at java.base/jdk.internal.reflect.DelegatingConstructorAccessorImpl.newInstance(DelegatingConstructorAccessorImpl.java:45)&#13;
	at java.base/java.lang.reflect.Constructor.newInstance(Constructor.java:490)&#13;
	at org.openqa.selenium.remote.codec.w3c.W3CHttpResponseCodec.createException(W3CHttpResponseCodec.java:200)&#13;
	at org.openqa.selenium.remote.codec.w3c.W3CHttpResponseCodec.decode(W3CHttpResponseCodec.java:133)&#13;
	at org.openqa.selenium.remote.codec.w3c.W3CHttpResponseCodec.decode(W3CHttpResponseCodec.java:53)&#13;
	at org.openqa.selenium.remote.HttpCommandExecutor.execute(HttpCommandExecutor.java:184)&#13;
	at org.openqa.selenium.remote.service.DriverCommandExecutor.invokeExecute(DriverCommandExecutor.java:167)&#13;
	at org.openqa.selenium.remote.service.DriverCommandExecutor.execute(DriverCommandExecutor.java:142)&#13;
	at org.openqa.selenium.remote.RemoteWebDriver.execute(RemoteWebDriver.java:543)&#13;
	at org.openqa.selenium.remote.RemoteWebElement.execute(RemoteWebElement.java:251)&#13;
	at org.openqa.selenium.remote.RemoteWebElement.getSize(RemoteWebElement.java:333)&#13;
	at pages.CheckoutPage.getFillBillingDetailsDropdownCountry(CheckoutPage.java:105)&#13;
	at pages.CheckoutPage.getFillBillingDetailsText(CheckoutPage.java:78)&#13;
	at stepDefinations.CheckoutPageSteps.update_the_billing_address_using_excel_file_from_given_sheetname_and_row_number(CheckoutPageSteps.java:79)&#13;
	at âœ½.Update the billing address using excel file  from given sheetname "Sheet1"	and rowNumber 0(file:///D:/Dev/Selenium/PracticeAutomationTestingDotIn/src/test/resources/appFeatures/FFF_Checkout.feature:22)&#13;
&#13;
</error>
      </testcase>
    </testsuite>
  </testsuite>
</testrun>
