<?xml version="1.0" encoding="UTF-8"?><testrun name="MyTestRunner (1)" project="PracticeAutomationTestingDotIn" tests="1" started="1" failures="0" errors="1" ignored="0">
  <testsuite name="testRunner.MyTestRunner" time="32.682">
    <testsuite name="verify in Checkout page the user provides bellings details via excelfile and verifies the order details and makes the payment to place order." time="32.682">
      <testcase name="Update the Billing details" classname="verify in Checkout page the user provides bellings details via excelfile and verifies the order details and makes the payment to place order." time="32.682">
        <error>java.lang.IndexOutOfBoundsException: Index 249 out of bounds for length 249&#13;
	at java.base/jdk.internal.util.Preconditions.outOfBounds(Preconditions.java:64)&#13;
	at java.base/jdk.internal.util.Preconditions.outOfBoundsCheckIndex(Preconditions.java:70)&#13;
	at java.base/jdk.internal.util.Preconditions.checkIndex(Preconditions.java:248)&#13;
	at java.base/java.util.Objects.checkIndex(Objects.java:372)&#13;
	at java.base/java.util.ArrayList.get(ArrayList.java:459)&#13;
	at java.base/jdk.internal.reflect.GeneratedMethodAccessor39.invoke(Unknown Source)&#13;
	at java.base/jdk.internal.reflect.DelegatingMethodAccessorImpl.invoke(DelegatingMethodAccessorImpl.java:43)&#13;
	at java.base/java.lang.reflect.Method.invoke(Method.java:566)&#13;
	at org.openqa.selenium.support.pagefactory.internal.LocatingElementListHandler.invoke(LocatingElementListHandler.java:40)&#13;
	at com.sun.proxy.$Proxy24.get(Unknown Source)&#13;
	at pages.CheckoutPage.getFillBillingDetailsDropdownCountry(CheckoutPage.java:90)&#13;
	at pages.CheckoutPage.getFillBillingDetailsText(CheckoutPage.java:78)&#13;
	at stepDefinations.CheckoutPageSteps.update_the_billing_address_using_excel_file_from_given_sheetname_and_row_number(CheckoutPageSteps.java:79)&#13;
	at âœ½.Update the billing address using excel file  from given sheetname "Sheet1"	and rowNumber 0(file:///D:/Dev/Selenium/PracticeAutomationTestingDotIn/src/test/resources/appFeatures/FFF_Checkout.feature:22)&#13;
&#13;
</error>
      </testcase>
    </testsuite>
  </testsuite>
</testrun>
