<?xml version="1.0" encoding="UTF-8"?><testrun name="MyTestRunner (1)" project="PracticeAutomationTestingDotIn" tests="2" started="2" failures="1" errors="0" ignored="0">
  <testsuite name="testRunner.MyTestRunner" incomplete="true">
    <testsuite name="verify in Checkout page the user provides bellings details via excelfile and verifies the order details and makes the payment to place order." incomplete="true">
      <testcase name="verify your order details" classname="verify in Checkout page the user provides bellings details via excelfile and verifies the order details and makes the payment to place order." time="20.784">
        <failure>java.lang.AssertionError&#13;
	at org.junit.Assert.fail(Assert.java:86)&#13;
	at org.junit.Assert.assertTrue(Assert.java:41)&#13;
	at org.junit.Assert.assertTrue(Assert.java:52)&#13;
	at stepDefinations.CheckoutPageSteps.verify_the_order_details(CheckoutPageSteps.java:115)&#13;
	at âœ½.Verify the order details.(file:///D:/Dev/Selenium/PracticeAutomationTestingDotIn/src/test/resources/appFeatures/FFF_Checkout.feature:14)&#13;
&#13;
</failure>
      </testcase>
      <testcase name="Update the Billing details" classname="verify in Checkout page the user provides bellings details via excelfile and verifies the order details and makes the payment to place order." incomplete="true"/>
    </testsuite>
  </testsuite>
</testrun>
